xronosraw
Copyright 2017 by Dana Nowell, All rights Reserved.
Educational Institutions are herein granted the right to use
and modify the code for their own use.  Rights for use in
a sale or other Commercial enterprise require written
permission from the author.


Processing Conf file
Conf File: /usr/local/etc/xronostools/xronostools.conf
ReplicationCount: 800
Set OutputHeaderFile: /usr/local/etc/xronostools/xr_OutputHeader.txt
Set OutputFooterFile: /usr/local/etc/xronostools/xr_OutputFooter.txt
Done Processing Conf file
XronosOutputDir: ./XronosOutput/
xronosraw - Reading Inputfile Question-List-Raw-Integration.tex
	Processing Inputfile Question-List-Raw-Integration.tex
	Processed, Getting ready to write the output
HELP file for TEX file Integral-Concept-0003.tex already exists, leaving it alone
	Writing output file Integral-Concept-0003.tex
HELP file for TEX file Integral-Concept-0002.tex already exists, leaving it alone
	Writing output file Integral-Concept-0002.tex
HELP file for TEX file Integral-Concept-0001.tex already exists, leaving it alone
	Writing output file Integral-Concept-0001.tex
HELP file for TEX file Integral-Compute-0080.tex already exists, leaving it alone
	Writing output file Integral-Compute-0080.tex
HELP file for TEX file Integral-Compute-0079.tex already exists, leaving it alone
	Writing output file Integral-Compute-0079.tex
HELP file for TEX file Integral-Compute-0078.tex already exists, leaving it alone
	Writing output file Integral-Compute-0078.tex
HELP file for TEX file Integral-Compute-0077.tex already exists, leaving it alone
	Writing output file Integral-Compute-0077.tex
HELP file for TEX file Integral-Compute-0076.tex already exists, leaving it alone
	Writing output file Integral-Compute-0076.tex
HELP file for TEX file Integral-Compute-0075.tex already exists, leaving it alone
	Writing output file Integral-Compute-0075.tex
HELP file for TEX file Integral-Compute-0074.tex already exists, leaving it alone
	Writing output file Integral-Compute-0074.tex
HELP file for TEX file Integral-Compute-0073.tex already exists, leaving it alone
	Writing output file Integral-Compute-0073.tex
HELP file for TEX file Integral-Compute-0072.tex already exists, leaving it alone
	Writing output file Integral-Compute-0072.tex
HELP file for TEX file Integral-Compute-0071.tex already exists, leaving it alone
	Writing output file Integral-Compute-0071.tex
HELP file for TEX file Integral-Compute-0070.tex already exists, leaving it alone
	Writing output file Integral-Compute-0070.tex
HELP file for TEX file Integral-Compute-0069.tex already exists, leaving it alone
	Writing output file Integral-Compute-0069.tex
HELP file for TEX file Integral-Compute-0068.tex already exists, leaving it alone
	Writing output file Integral-Compute-0068.tex
HELP file for TEX file Integral-Compute-0067.tex already exists, leaving it alone
	Writing output file Integral-Compute-0067.tex
HELP file for TEX file Integral-Compute-0066.tex already exists, leaving it alone
	Writing output file Integral-Compute-0066.tex
HELP file for TEX file Integral-Compute-0065.tex already exists, leaving it alone
	Writing output file Integral-Compute-0065.tex
HELP file for TEX file Integral-Compute-0064.tex already exists, leaving it alone
	Writing output file Integral-Compute-0064.tex
HELP file for TEX file Integral-Compute-0063.tex already exists, leaving it alone
	Writing output file Integral-Compute-0063.tex
HELP file for TEX file Integral-Compute-0062.tex already exists, leaving it alone
	Writing output file Integral-Compute-0062.tex
HELP file for TEX file Integral-Compute-0061.tex already exists, leaving it alone
	Writing output file Integral-Compute-0061.tex
HELP file for TEX file Integral-Compute-0060.tex already exists, leaving it alone
	Writing output file Integral-Compute-0060.tex
HELP file for TEX file Integral-Compute-0059.tex already exists, leaving it alone
	Writing output file Integral-Compute-0059.tex
HELP file for TEX file Integral-Compute-0058.tex already exists, leaving it alone
	Writing output file Integral-Compute-0058.tex
HELP file for TEX file Integral-Compute-0057.tex already exists, leaving it alone
	Writing output file Integral-Compute-0057.tex
HELP file for TEX file Integral-Compute-0056.tex already exists, leaving it alone
	Writing output file Integral-Compute-0056.tex
HELP file for TEX file Integral-Compute-0055.tex already exists, leaving it alone
	Writing output file Integral-Compute-0055.tex
HELP file for TEX file Integral-Compute-0054.tex already exists, leaving it alone
	Writing output file Integral-Compute-0054.tex
HELP file for TEX file Integral-Compute-0053.tex already exists, leaving it alone
	Writing output file Integral-Compute-0053.tex
HELP file for TEX file Integral-Compute-0052.tex already exists, leaving it alone
	Writing output file Integral-Compute-0052.tex
HELP file for TEX file Integral-Compute-0051.tex already exists, leaving it alone
	Writing output file Integral-Compute-0051.tex
HELP file for TEX file Integral-Compute-0050.tex already exists, leaving it alone
	Writing output file Integral-Compute-0050.tex
HELP file for TEX file Integral-Compute-0049.tex already exists, leaving it alone
	Writing output file Integral-Compute-0049.tex
HELP file for TEX file Integral-Compute-0048.tex already exists, leaving it alone
	Writing output file Integral-Compute-0048.tex
HELP file for TEX file Integral-Compute-0047.tex already exists, leaving it alone
	Writing output file Integral-Compute-0047.tex
HELP file for TEX file Integral-Compute-0046.tex already exists, leaving it alone
	Writing output file Integral-Compute-0046.tex
HELP file for TEX file Integral-Compute-0045.tex already exists, leaving it alone
	Writing output file Integral-Compute-0045.tex
HELP file for TEX file Integral-Compute-0044.tex already exists, leaving it alone
	Writing output file Integral-Compute-0044.tex
HELP file for TEX file Integral-Compute-0043.tex already exists, leaving it alone
	Writing output file Integral-Compute-0043.tex
HELP file for TEX file Integral-Compute-0042.tex already exists, leaving it alone
	Writing output file Integral-Compute-0042.tex
HELP file for TEX file Integral-Compute-0041.tex already exists, leaving it alone
	Writing output file Integral-Compute-0041.tex
HELP file for TEX file Integral-Compute-0040.tex already exists, leaving it alone
	Writing output file Integral-Compute-0040.tex
HELP file for TEX file Integral-Compute-0039.tex already exists, leaving it alone
	Writing output file Integral-Compute-0039.tex
HELP file for TEX file Integral-Compute-0038.tex already exists, leaving it alone
	Writing output file Integral-Compute-0038.tex
HELP file for TEX file Integral-Compute-0037.tex already exists, leaving it alone
	Writing output file Integral-Compute-0037.tex
HELP file for TEX file Integral-Compute-0036.tex already exists, leaving it alone
	Writing output file Integral-Compute-0036.tex
HELP file for TEX file Integral-Compute-0035.tex already exists, leaving it alone
	Writing output file Integral-Compute-0035.tex
HELP file for TEX file Integral-Compute-0034.tex already exists, leaving it alone
	Writing output file Integral-Compute-0034.tex
HELP file for TEX file Integral-Compute-0033.tex already exists, leaving it alone
	Writing output file Integral-Compute-0033.tex
HELP file for TEX file Integral-Compute-0032.tex already exists, leaving it alone
	Writing output file Integral-Compute-0032.tex
HELP file for TEX file Integral-Compute-0031.tex already exists, leaving it alone
	Writing output file Integral-Compute-0031.tex
HELP file for TEX file Integral-Compute-0030.tex already exists, leaving it alone
	Writing output file Integral-Compute-0030.tex
HELP file for TEX file Integral-Compute-0029.tex already exists, leaving it alone
	Writing output file Integral-Compute-0029.tex
HELP file for TEX file Integral-Compute-0028.tex already exists, leaving it alone
	Writing output file Integral-Compute-0028.tex
HELP file for TEX file Integral-Compute-0027.tex already exists, leaving it alone
	Writing output file Integral-Compute-0027.tex
HELP file for TEX file Integral-Compute-0026.tex already exists, leaving it alone
	Writing output file Integral-Compute-0026.tex
HELP file for TEX file Integral-Compute-0025.tex already exists, leaving it alone
	Writing output file Integral-Compute-0025.tex
HELP file for TEX file Integral-Compute-0024.tex already exists, leaving it alone
	Writing output file Integral-Compute-0024.tex
HELP file for TEX file Integral-Compute-0023.tex already exists, leaving it alone
	Writing output file Integral-Compute-0023.tex
HELP file for TEX file Integral-Compute-0022.tex already exists, leaving it alone
	Writing output file Integral-Compute-0022.tex
HELP file for TEX file Integral-Compute-0021.tex already exists, leaving it alone
	Writing output file Integral-Compute-0021.tex
HELP file for TEX file Integral-Compute-0020.tex already exists, leaving it alone
	Writing output file Integral-Compute-0020.tex
HELP file for TEX file Integral-Compute-0019.tex already exists, leaving it alone
	Writing output file Integral-Compute-0019.tex
HELP file for TEX file Integral-Compute-0018.tex already exists, leaving it alone
	Writing output file Integral-Compute-0018.tex
HELP file for TEX file Integral-Compute-0017.tex already exists, leaving it alone
	Writing output file Integral-Compute-0017.tex
HELP file for TEX file Integral-Compute-0016.tex already exists, leaving it alone
	Writing output file Integral-Compute-0016.tex
HELP file for TEX file Integral-Compute-0015.tex already exists, leaving it alone
	Writing output file Integral-Compute-0015.tex
HELP file for TEX file Integral-Compute-0014.tex already exists, leaving it alone
	Writing output file Integral-Compute-0014.tex
HELP file for TEX file Integral-Compute-0013.tex already exists, leaving it alone
	Writing output file Integral-Compute-0013.tex
HELP file for TEX file Integral-Compute-0012.tex already exists, leaving it alone
	Writing output file Integral-Compute-0012.tex
HELP file for TEX file Integral-Compute-0011.tex already exists, leaving it alone
	Writing output file Integral-Compute-0011.tex
HELP file for TEX file Integral-Compute-0010.tex already exists, leaving it alone
	Writing output file Integral-Compute-0010.tex
HELP file for TEX file Integral-Compute-0009.tex already exists, leaving it alone
	Writing output file Integral-Compute-0009.tex
HELP file for TEX file Integral-Compute-0008.tex already exists, leaving it alone
	Writing output file Integral-Compute-0008.tex
HELP file for TEX file Integral-Compute-0007.tex already exists, leaving it alone
	Writing output file Integral-Compute-0007.tex
HELP file for TEX file Integral-Compute-0006.tex already exists, leaving it alone
	Writing output file Integral-Compute-0006.tex
HELP file for TEX file Integral-Compute-0005.tex already exists, leaving it alone
	Writing output file Integral-Compute-0005.tex
HELP file for TEX file Integral-Compute-0004.tex already exists, leaving it alone
	Writing output file Integral-Compute-0004.tex
HELP file for TEX file Integral-Compute-0003.tex already exists, leaving it alone
	Writing output file Integral-Compute-0003.tex
HELP file for TEX file Integral-Compute-0002.tex already exists, leaving it alone
	Writing output file Integral-Compute-0002.tex
HELP file for TEX file Integral-Compute-0001.tex already exists, leaving it alone
	Writing output file Integral-Compute-0001.tex
Program Complete
