xronosbatch run on Mon Feb 26 15:53:27 EST 2018
###
### FILE: TestBank-Compute-0048.tex - started processing at Mon Feb 26 15:53:27 EST 2018
###
# Starting pdflatex
This is pdfTeX, Version 3.14159265-2.6-1.40.16 (TeX Live 2015/Debian) (preloaded format=pdflatex)
 restricted \write18 enabled.
entering extended mode
(./TestBank-Compute-0048.tex
LaTeX2e <2016/02/01>
Babel <3.9q> and hyphenation patterns for 81 language(s) loaded.
(/home/jason/texmf/tex/latex/Xronos_Latex_Package/ximera.cls
Document Class: ximera 2016/08/17 Version 1.33 by Bart Snapp
(/usr/share/texlive/texmf-dist/tex/latex/base/article.cls
Document Class: article 2014/09/29 v1.4h Standard LaTeX document class
(/usr/share/texlive/texmf-dist/tex/latex/base/size10.clo))
(/usr/share/texlive/texmf-dist/tex/latex/pgf/frontendlayer/tikz.sty
(/usr/share/texlive/texmf-dist/tex/latex/pgf/basiclayer/pgf.sty
(/usr/share/texlive/texmf-dist/tex/latex/pgf/utilities/pgfrcs.sty
(/usr/share/texlive/texmf-dist/tex/generic/pgf/utilities/pgfutil-common.tex
(/usr/share/texlive/texmf-dist/tex/generic/pgf/utilities/pgfutil-common-lists.t
ex)) (/usr/share/texlive/texmf-dist/tex/generic/pgf/utilities/pgfutil-latex.def
(/usr/share/texlive/texmf-dist/tex/latex/ms/everyshi.sty))
(/usr/share/texlive/texmf-dist/tex/generic/pgf/utilities/pgfrcs.code.tex))
(/usr/share/texlive/texmf-dist/tex/latex/pgf/basiclayer/pgfcore.sty
(/usr/share/texlive/texmf-dist/tex/latex/graphics/graphicx.sty
(/usr/share/texlive/texmf-dist/tex/latex/graphics/keyval.sty)
(/usr/share/texlive/texmf-dist/tex/latex/graphics/graphics.sty
(/usr/share/texlive/texmf-dist/tex/latex/graphics/trig.sty)
(/usr/share/texlive/texmf-dist/tex/latex/latexconfig/graphics.cfg)
(/usr/share/texlive/texmf-dist/tex/latex/pdftex-def/pdftex.def
(/usr/share/texlive/texmf-dist/tex/generic/oberdiek/infwarerr.sty)
(/usr/share/texlive/texmf-dist/tex/generic/oberdiek/ltxcmds.sty))))
(/usr/share/texlive/texmf-dist/tex/latex/pgf/systemlayer/pgfsys.sty
(/usr/share/texlive/texmf-dist/tex/generic/pgf/systemlayer/pgfsys.code.tex
(/usr/share/texlive/texmf-dist/tex/generic/pgf/utilities/pgfkeys.code.tex
(/usr/share/texlive/texmf-dist/tex/generic/pgf/utilities/pgfkeysfiltered.code.t
ex)) (/usr/share/texlive/texmf-dist/tex/generic/pgf/systemlayer/pgf.cfg)
(/usr/share/texlive/texmf-dist/tex/generic/pgf/systemlayer/pgfsys-pdftex.def
(/usr/share/texlive/texmf-dist/tex/generic/pgf/systemlayer/pgfsys-common-pdf.de
f)))
(/usr/share/texlive/texmf-dist/tex/generic/pgf/systemlayer/pgfsyssoftpath.code.
tex)
(/usr/share/texlive/texmf-dist/tex/generic/pgf/systemlayer/pgfsysprotocol.code.
tex)) (/usr/share/texlive/texmf-dist/tex/latex/xcolor/xcolor.sty
(/usr/share/texlive/texmf-dist/tex/latex/latexconfig/color.cfg)
(/usr/share/texlive/texmf-dist/tex/latex/colortbl/colortbl.sty
(/usr/share/texlive/texmf-dist/tex/latex/tools/array.sty)))
(/usr/share/texlive/texmf-dist/tex/generic/pgf/basiclayer/pgfcore.code.tex
(/usr/share/texlive/texmf-dist/tex/generic/pgf/math/pgfmath.code.tex
(/usr/share/texlive/texmf-dist/tex/generic/pgf/math/pgfmathcalc.code.tex
(/usr/share/texlive/texmf-dist/tex/generic/pgf/math/pgfmathutil.code.tex)
(/usr/share/texlive/texmf-dist/tex/generic/pgf/math/pgfmathparser.code.tex)
(/usr/share/texlive/texmf-dist/tex/generic/pgf/math/pgfmathfunctions.code.tex
(/usr/share/texlive/texmf-dist/tex/generic/pgf/math/pgfmathfunctions.basic.code
.tex)
(/usr/share/texlive/texmf-dist/tex/generic/pgf/math/pgfmathfunctions.trigonomet
ric.code.tex)
(/usr/share/texlive/texmf-dist/tex/generic/pgf/math/pgfmathfunctions.random.cod
e.tex)
(/usr/share/texlive/texmf-dist/tex/generic/pgf/math/pgfmathfunctions.comparison
.code.tex)
(/usr/share/texlive/texmf-dist/tex/generic/pgf/math/pgfmathfunctions.base.code.
tex)
(/usr/share/texlive/texmf-dist/tex/generic/pgf/math/pgfmathfunctions.round.code
.tex)
(/usr/share/texlive/texmf-dist/tex/generic/pgf/math/pgfmathfunctions.misc.code.
tex)
(/usr/share/texlive/texmf-dist/tex/generic/pgf/math/pgfmathfunctions.integerari
thmetics.code.tex)))
(/usr/share/texlive/texmf-dist/tex/generic/pgf/math/pgfmathfloat.code.tex))
(/usr/share/texlive/texmf-dist/tex/generic/pgf/basiclayer/pgfcorepoints.code.te
x)
(/usr/share/texlive/texmf-dist/tex/generic/pgf/basiclayer/pgfcorepathconstruct.
code.tex)
(/usr/share/texlive/texmf-dist/tex/generic/pgf/basiclayer/pgfcorepathusage.code
.tex)
(/usr/share/texlive/texmf-dist/tex/generic/pgf/basiclayer/pgfcorescopes.code.te
x)
(/usr/share/texlive/texmf-dist/tex/generic/pgf/basiclayer/pgfcoregraphicstate.c
ode.tex)
(/usr/share/texlive/texmf-dist/tex/generic/pgf/basiclayer/pgfcoretransformation
s.code.tex)
(/usr/share/texlive/texmf-dist/tex/generic/pgf/basiclayer/pgfcorequick.code.tex
)
(/usr/share/texlive/texmf-dist/tex/generic/pgf/basiclayer/pgfcoreobjects.code.t
ex)
(/usr/share/texlive/texmf-dist/tex/generic/pgf/basiclayer/pgfcorepathprocessing
.code.tex)
(/usr/share/texlive/texmf-dist/tex/generic/pgf/basiclayer/pgfcorearrows.code.te
x)
(/usr/share/texlive/texmf-dist/tex/generic/pgf/basiclayer/pgfcoreshade.code.tex
)
(/usr/share/texlive/texmf-dist/tex/generic/pgf/basiclayer/pgfcoreimage.code.tex

(/usr/share/texlive/texmf-dist/tex/generic/pgf/basiclayer/pgfcoreexternal.code.
tex))
(/usr/share/texlive/texmf-dist/tex/generic/pgf/basiclayer/pgfcorelayers.code.te
x)
(/usr/share/texlive/texmf-dist/tex/generic/pgf/basiclayer/pgfcoretransparency.c
ode.tex)
(/usr/share/texlive/texmf-dist/tex/generic/pgf/basiclayer/pgfcorepatterns.code.
tex)))
(/usr/share/texlive/texmf-dist/tex/generic/pgf/modules/pgfmoduleshapes.code.tex
) (/usr/share/texlive/texmf-dist/tex/generic/pgf/modules/pgfmoduleplot.code.tex
)
(/usr/share/texlive/texmf-dist/tex/latex/pgf/compatibility/pgfcomp-version-0-65
.sty)
(/usr/share/texlive/texmf-dist/tex/latex/pgf/compatibility/pgfcomp-version-1-18
.sty)) (/usr/share/texlive/texmf-dist/tex/latex/pgf/utilities/pgffor.sty
(/usr/share/texlive/texmf-dist/tex/latex/pgf/utilities/pgfkeys.sty
(/usr/share/texlive/texmf-dist/tex/generic/pgf/utilities/pgfkeys.code.tex))
(/usr/share/texlive/texmf-dist/tex/latex/pgf/math/pgfmath.sty
(/usr/share/texlive/texmf-dist/tex/generic/pgf/math/pgfmath.code.tex))
(/usr/share/texlive/texmf-dist/tex/generic/pgf/utilities/pgffor.code.tex
(/usr/share/texlive/texmf-dist/tex/generic/pgf/math/pgfmath.code.tex)))
(/usr/share/texlive/texmf-dist/tex/generic/pgf/frontendlayer/tikz/tikz.code.tex

(/usr/share/texlive/texmf-dist/tex/generic/pgf/libraries/pgflibraryplothandlers
.code.tex)
(/usr/share/texlive/texmf-dist/tex/generic/pgf/modules/pgfmodulematrix.code.tex
)
(/usr/share/texlive/texmf-dist/tex/generic/pgf/frontendlayer/tikz/libraries/tik
zlibrarytopaths.code.tex))) (/home/jason/texmf/tex/latex/sagetex/sagetex.sty
(/usr/share/texlive/texmf-dist/tex/latex/tools/verbatim.sty)
(/usr/share/texlive/texmf-dist/tex/latex/fancyvrb/fancyvrb.sty
Style option: `fancyvrb' v2.7a, with DG/SPQR fixes, and firstline=lastline fix 
<2008/02/07> (tvz))
(/usr/share/texlive/texmf-dist/tex/latex/listings/listings.sty
(/usr/share/texlive/texmf-dist/tex/latex/listings/lstmisc.sty)
(/usr/share/texlive/texmf-dist/tex/latex/listings/listings.cfg))
(/usr/share/texlive/texmf-dist/tex/latex/makecmds/makecmds.sty)
(/usr/share/texlive/texmf-dist/tex/generic/oberdiek/ifpdf.sty)
(/usr/share/texlive/texmf-dist/tex/latex/base/ifthen.sty)
(/usr/share/texlive/texmf-dist/tex/generic/ifxetex/ifxetex.sty)
No file TestBank-Compute-0048.sagetex.sout.
) (/usr/share/texlive/texmf-dist/tex/latex/enumitem/enumitem.sty)
(/usr/share/texlive/texmf-dist/tex/latex/titlesec/titlesec.sty
(/usr/share/texlive/texmf-dist/tex/latex/titlesec/ttlps.def))
(/usr/share/texlive/texmf-dist/tex/latex/titlesec/titletoc.sty)
(/usr/share/texlive/texmf-dist/tex/latex/titling/titling.sty)
(/usr/share/texlive/texmf-dist/tex/latex/url/url.sty)
(/usr/share/texlive/texmf-dist/tex/latex/pgfplots/pgfplots.sty
(/usr/share/texlive/texmf-dist/tex/generic/pgfplots/pgfplots.revision.tex)
(/usr/share/texlive/texmf-dist/tex/generic/pgfplots/pgfplots.code.tex
(/usr/share/texlive/texmf-dist/tex/generic/pgfplots/pgfplotscore.code.tex
(/usr/share/texlive/texmf-dist/tex/generic/pgfplots/sys/pgfplotssysgeneric.code
.tex))
(/usr/share/texlive/texmf-dist/tex/generic/pgfplots/libs/pgfplotslibrary.code.t
ex)
(/usr/share/texlive/texmf-dist/tex/generic/pgfplots/oldpgfcompatib/pgfplotsoldp
gfsupp_loader.code.tex
(/usr/share/texlive/texmf-dist/tex/generic/pgf/libraries/pgflibraryfpu.code.tex
)
Package pgfplots: loading complementary arithmetics for your pgf version...

(/usr/share/texlive/texmf-dist/tex/generic/pgfplots/oldpgfcompatib/pgfplotsoldp
gfsupp_pgflibraryfpu.code.tex)
(/usr/share/texlive/texmf-dist/tex/generic/pgfplots/oldpgfcompatib/pgfplotsoldp
gfsupp_pgfmathfloat.code.tex))
(/usr/share/texlive/texmf-dist/tex/generic/pgfplots/util/pgfplotsutil.code.tex
(/usr/share/texlive/texmf-dist/tex/generic/pgfplots/liststructure/pgfplotslists
tructure.code.tex)
(/usr/share/texlive/texmf-dist/tex/generic/pgfplots/liststructure/pgfplotslists
tructureext.code.tex)
(/usr/share/texlive/texmf-dist/tex/generic/pgfplots/liststructure/pgfplotsarray
.code.tex)
(/usr/share/texlive/texmf-dist/tex/generic/pgfplots/liststructure/pgfplotsmatri
x.code.tex)
(/usr/share/texlive/texmf-dist/tex/generic/pgfplots/numtable/pgfplotstableshare
d.code.tex)
(/usr/share/texlive/texmf-dist/tex/generic/pgfplots/liststructure/pgfplotsdeque
.code.tex)
(/usr/share/texlive/texmf-dist/tex/generic/pgfplots/util/pgfplotsbinary.code.te
x
(/usr/share/texlive/texmf-dist/tex/generic/pgfplots/util/pgfplotsbinary.data.co
de.tex))
(/usr/share/texlive/texmf-dist/tex/generic/pgfplots/util/pgfplotsutil.verb.code
.tex)
(/usr/share/texlive/texmf-dist/tex/generic/pgfplots/libs/pgflibrarypgfplots.sur
fshading.code.tex
(/usr/share/texlive/texmf-dist/tex/generic/pgfplots/sys/pgflibrarypgfplots.surf
shading.pgfsys-pdftex.def)))
(/usr/share/texlive/texmf-dist/tex/generic/pgfplots/util/pgfplotscolormap.code.
tex
(/usr/share/texlive/texmf-dist/tex/generic/pgfplots/util/pgfplotscolor.code.tex
))
(/usr/share/texlive/texmf-dist/tex/generic/pgfplots/pgfplotsstackedplots.code.t
ex)
(/usr/share/texlive/texmf-dist/tex/generic/pgfplots/pgfplotsplothandlers.code.t
ex
(/usr/share/texlive/texmf-dist/tex/generic/pgfplots/pgfplotsmeshplothandler.cod
e.tex
(/usr/share/texlive/texmf-dist/tex/generic/pgfplots/pgfplotsmeshplotimage.code.
tex)))
(/usr/share/texlive/texmf-dist/tex/generic/pgfplots/pgfplots.scaling.code.tex)
(/usr/share/texlive/texmf-dist/tex/generic/pgfplots/pgfplotscoordprocessing.cod
e.tex)
(/usr/share/texlive/texmf-dist/tex/generic/pgfplots/pgfplots.errorbars.code.tex
) (/usr/share/texlive/texmf-dist/tex/generic/pgfplots/pgfplots.markers.code.tex
) (/usr/share/texlive/texmf-dist/tex/generic/pgfplots/pgfplotsticks.code.tex)
(/usr/share/texlive/texmf-dist/tex/generic/pgfplots/pgfplots.paths.code.tex)
(/usr/share/texlive/texmf-dist/tex/generic/pgf/frontendlayer/tikz/libraries/tik
zlibrarydecorations.code.tex
(/usr/share/texlive/texmf-dist/tex/generic/pgf/modules/pgfmoduledecorations.cod
e.tex))
(/usr/share/texlive/texmf-dist/tex/generic/pgf/frontendlayer/tikz/libraries/tik
zlibrarydecorations.pathmorphing.code.tex
(/usr/share/texlive/texmf-dist/tex/generic/pgf/libraries/decorations/pgflibrary
decorations.pathmorphing.code.tex))
(/usr/share/texlive/texmf-dist/tex/generic/pgf/frontendlayer/tikz/libraries/tik
zlibrarydecorations.pathreplacing.code.tex
(/usr/share/texlive/texmf-dist/tex/generic/pgf/libraries/decorations/pgflibrary
decorations.pathreplacing.code.tex)))
(/usr/share/texlive/texmf-dist/tex/generic/pgf/frontendlayer/tikz/libraries/tik
zlibraryplotmarks.code.tex
(/usr/share/texlive/texmf-dist/tex/generic/pgf/libraries/pgflibraryplotmarks.co
de.tex)))
(/usr/share/texlive/texmf-dist/tex/generic/pgfplots/libs/tikzlibrarypgfplots.gr
oupplots.code.tex
(/usr/share/texlive/texmf-dist/tex/generic/pgf/frontendlayer/tikz/libraries/tik
zlibrarycalc.code.tex))
(/usr/share/texlive/texmf-dist/tex/latex/environ/environ.sty
(/usr/share/texlive/texmf-dist/tex/latex/trimspaces/trimspaces.sty))
(/usr/share/texlive/texmf-dist/tex/latex/amsfonts/amssymb.sty
(/usr/share/texlive/texmf-dist/tex/latex/amsfonts/amsfonts.sty))
(/usr/share/texlive/texmf-dist/tex/latex/amsmath/amsmath.sty
For additional information on amsmath, use the `?' option.
(/usr/share/texlive/texmf-dist/tex/latex/amsmath/amstext.sty
(/usr/share/texlive/texmf-dist/tex/latex/amsmath/amsgen.sty))
(/usr/share/texlive/texmf-dist/tex/latex/amsmath/amsbsy.sty)
(/usr/share/texlive/texmf-dist/tex/latex/amsmath/amsopn.sty))
(/usr/share/texlive/texmf-dist/tex/latex/amscls/amsthm.sty)
(/usr/share/texlive/texmf-dist/tex/latex/xifthen/xifthen.sty
(/usr/share/texlive/texmf-dist/tex/latex/tools/calc.sty)
(/usr/share/texlive/texmf-dist/tex/latex/ifmtarg/ifmtarg.sty))
(/usr/share/texlive/texmf-dist/tex/latex/multido/multido.sty
(/usr/share/texlive/texmf-dist/tex/generic/multido/multido.tex
 v1.42, 2010/05/14 <tvz>))
(/usr/share/texlive/texmf-dist/tex/latex/xkeyval/xkeyval.sty
(/usr/share/texlive/texmf-dist/tex/generic/xkeyval/xkeyval.tex
(/usr/share/texlive/texmf-dist/tex/generic/xkeyval/xkvutils.tex)))
(/usr/share/texlive/texmf-dist/tex/latex/mdframed/mdframed.sty
(/usr/share/texlive/texmf-dist/tex/latex/oberdiek/kvoptions.sty
(/usr/share/texlive/texmf-dist/tex/generic/oberdiek/kvsetkeys.sty
(/usr/share/texlive/texmf-dist/tex/generic/oberdiek/etexcmds.sty
(/usr/share/texlive/texmf-dist/tex/generic/oberdiek/ifluatex.sty))))
(/usr/share/texlive/texmf-dist/tex/latex/l3packages/xparse/xparse.sty
(/usr/share/texlive/texmf-dist/tex/latex/l3kernel/expl3.sty
(/usr/share/texlive/texmf-dist/tex/latex/l3kernel/expl3-code.tex)
(/usr/share/texlive/texmf-dist/tex/latex/l3kernel/l3pdfmode.def)))
(/usr/share/texlive/texmf-dist/tex/latex/etoolbox/etoolbox.sty)
(/usr/share/texlive/texmf-dist/tex/latex/oberdiek/zref-abspage.sty
(/usr/share/texlive/texmf-dist/tex/latex/oberdiek/zref-base.sty
(/usr/share/texlive/texmf-dist/tex/generic/oberdiek/kvdefinekeys.sty)
(/usr/share/texlive/texmf-dist/tex/generic/oberdiek/pdftexcmds.sty)
(/usr/share/texlive/texmf-dist/tex/latex/oberdiek/auxhook.sty))
(/usr/share/texlive/texmf-dist/tex/generic/oberdiek/atbegshi.sty))
(/usr/share/texlive/texmf-dist/tex/latex/needspace/needspace.sty)
(/usr/share/texlive/texmf-dist/tex/latex/mdframed/md-frame-1.mdf))
(/usr/share/texlive/texmf-dist/tex/latex/comment/comment.sty
Excluding comment 'comment')
(/usr/share/texlive/texmf-dist/tex/latex/hyperref/hyperref.sty
(/usr/share/texlive/texmf-dist/tex/generic/oberdiek/hobsub-hyperref.sty
(/usr/share/texlive/texmf-dist/tex/generic/oberdiek/hobsub-generic.sty))
(/usr/share/texlive/texmf-dist/tex/latex/hyperref/pd1enc.def)
(/usr/share/texlive/texmf-dist/tex/latex/latexconfig/hyperref.cfg))

Package hyperref Message: Driver (autodetected): hpdftex.

(/usr/share/texlive/texmf-dist/tex/latex/hyperref/hpdftex.def
(/usr/share/texlive/texmf-dist/tex/latex/oberdiek/rerunfilecheck.sty))
(/usr/share/texlive/texmf-dist/tex/latex/forloop/forloop.sty))
(/home/jason/texmf/tex/latex/Xronos_Latex_Package/OptionalPackages/PackageLoade
r.sty (/usr/share/texlive/texmf-dist/tex/latex/geometry/geometry.sty)
(/home/jason/texmf/tex/latex/Xronos_Latex_Package/OptionalPackages/Filter.sty)
(/home/jason/texmf/tex/latex/Xronos_Latex_Package/OptionalPackages/TagMasterLis
t.sty)
(/home/jason/texmf/tex/latex/Xronos_Latex_Package/OptionalPackages/ProblemSelec
tion.sty (/home/jason/texmf/tex/latex/Config.sty)
(/home/jason/texmf/tex/latex/Xronos_Latex_Package/OptionalPackages/randomize.st
y))
(/home/jason/texmf/tex/latex/Xronos_Latex_Package/OptionalPackages/shuffle.sty)
)
No file TestBank-Compute-0048.aux.
ABD: EveryShipout initializing macros
(/usr/share/texlive/texmf-dist/tex/context/base/supp-pdf.mkii
[Loading MPS to PDF converter (version 2006.09.02).]
) (/usr/share/texlive/texmf-dist/tex/latex/oberdiek/epstopdf-base.sty
(/usr/share/texlive/texmf-dist/tex/latex/oberdiek/grfext.sty)
(/usr/share/texlive/texmf-dist/tex/latex/latexconfig/epstopdf-sys.cfg))

Package pgfplots Warning: running in backwards compatibility mode (unsuitable t
ick labels; missing features). Consider writing \pgfplotsset{compat=1.13} into 
your preamble.
 on input line 6.

(/usr/share/texlive/texmf-dist/tex/latex/hyperref/nameref.sty
(/usr/share/texlive/texmf-dist/tex/generic/oberdiek/gettitlestring.sty))
*geometry* driver: auto-detecting
*geometry* detected driver: pdftex

(/home/jason/texmf/tex/latex/Xronos_Latex_Package/OptionalPackages/Useful-Sage-
Macros.tex) (/usr/share/texlive/texmf-dist/tex/latex/amsfonts/umsa.fd)
(/usr/share/texlive/texmf-dist/tex/latex/amsfonts/umsb.fd)

LaTeX Warning: Reference `@sageinline0' on page 1 undefined on input line 93.


! LaTeX Error: File `Precalc-Compute-0048.HELP.tex' not found.

Type X to quit or <RETURN> to proceed,
or enter new name. (Default extension: HELP.tex)

Enter file name: 
! Emergency stop.
<read *> 
         
l.93 \end{problem}}
                   %}^^M
!  ==> Fatal error occurred, no output PDF file produced!
Transcript written on TestBank-Compute-0048.log.
ERROR: Failed to create PDF: TestBank-Compute-0048.pdf
# Clean up pdflatex work files
# deleting file: TestBank-Compute-0048.aux
# deleting file: TestBank-Compute-0048.ids
# deleting file: TestBank-Compute-0048.jax
# deleting file: TestBank-Compute-0048.log
# deleting file: TestBank-Compute-0048.oc
# deleting file: TestBank-Compute-0048.out
# deleting file: TestBank-Compute-0048.synctex.gz
rm: cannot remove 'TestBank-Compute-0048.synctex.gz': No such file or directory
# Starting Sage
sys:1: RuntimeWarning: not adding directory '' to sys.path since it's not owned by a trusted user.
Untrusted users could put files in this directory which might then be imported by your Python code. As a general precaution from similar exploits, you should not execute Python code from this directory
sys:1: RuntimeWarning: not adding directory '/home/jason/texmf/tex/latex/QuestionBanks/Problem-Bank/XronosOutput' to sys.path since it's not owned by a trusted user.
Untrusted users could put files in this directory which might then be imported by your Python code. As a general precaution from similar exploits, you should not execute Python code from this directory
Processing Sage code for TestBank-Compute-0048.tex...
Code block (line 1) begin...end
Code block (line 11) begin...end
Inline formula 0 (line 93)
ERROR: Failed to create sout: TestBank-Compute-0048.sagetex.sout
# Clean up sagemath work files
# deleting file: TestBank-Compute-0048.sagetex.sage
# deleting file: TestBank-Compute-0048.sagetex.sage.py
# deleting file: TestBank-Compute-0048.sagetex.scmd
rm: cannot remove 'TestBank-Compute-0048.sagetex.scmd': No such file or directory
Failed to open Log file: TestBank-Compute-0048.sagetex.sout
xronosmerge
Copyright 2017 by Dana Nowell, All rights Reserved
Educational Institutions are herein granted the right to use
and modify the code for their own use.  Rights for use in
a sale or other Commercial enterprise require written
permission from the author.


Processing Conf file
Conf File: /usr/local/etc/xronostools/xronostools.conf
Done Processing Conf file
*** Reading input file: TestBank-Compute-0048.tex
*** Merge Processing
xronosfmt
Copyright 2017 by Dana Nowell, All rights Reserved
Educational Institutions are herein granted the right to use
and modify the code for their own use.  Rights for use in
a sale or other Commercial enterprise require written
permission from the author.


Processing Conf file
Conf File: /usr/local/etc/xronostools/xronostools.conf
0.000000 conf file entry has unknown value, should be Yes or No
Adding Search and Replace Pair: Search is "\mathit{XTRtheta}"
Done Processing Conf file
*** Reading input file: TestBank-Compute-0048.tex
*** Killing Dups
IsItAFormattingLine: Found tagged
Processed 47211 lines, Discarded 799 Content Blocks
*** Braces processing
Processed 49 lines for braces
*** Question Limit processing
Processed 49 lines for QuestionLimit, output 1 questions with a question limit set to 500
*** Texttt Removal processing
TextttRemoval: Processing Line 1, text: %%\tagged{Ans@ShortAns, Type@Compute, Topic@TestBank, Sub@Rational, Sub@VerticalAsymptotes, Sub@HorizontalAsymptotes, File@0048}{

TextttRemoval: Processing Line 2, text: \latexProblemContent{

TextttRemoval: Processing Line 3, text: \ifVerboseLocation This is Precalc Compute Question 0048. \\ \fi

TextttRemoval: Processing Line 4, text: \begin{problem}


TextttRemoval: Processing Line 5, text: Consider the rational function $f(x) = \sage{f}$.  Identify any vertical asymptotes.


TextttRemoval: Processing Line 6, text: \input{Precalc-Compute-0048.HELP.tex}


TextttRemoval: Processing Line 7, text: \begin{feedback}[attempt]

TextttRemoval: Processing Line 8, text: Remember that vertical asymptotes come from the denominator being $0$.

TextttRemoval: Processing Line 9, text: \end{feedback}


TextttRemoval: Processing Line 10, text: %\begin{feedback}[VA=$\sage{b}$]

TextttRemoval: Processing Line 11, text: %That factor canceled out, which would lead to a hole.

TextttRemoval: Processing Line 12, text: %\end{feedback}


TextttRemoval: Processing Line 13, text: \begin{feedback}[correct]

TextttRemoval: Processing Line 14, text: Remember that vertical asymptotes are barriers that the graph cannot cross.

TextttRemoval: Processing Line 15, text: \end{feedback}


TextttRemoval: Processing Line 16, text: \begin{problem}


TextttRemoval: Processing Line 17, text: Are there any holes?  If so, give the coordinates of the hole.  If not, enter ``NONE''.


TextttRemoval: Processing Line 18, text: \begin{feedback}[attempt]

TextttRemoval: Processing Line 19, text: Remember that holes occur from cancellation of factors in the numerator and the denominator.

TextttRemoval: Processing Line 20, text: \end{feedback}


TextttRemoval: Processing Line 21, text: %\begin{feedback}[VA=$\sage{c}$]

TextttRemoval: Processing Line 22, text: %That factor did not cancel out, which would lead to a vertical asymptote.

TextttRemoval: Processing Line 23, text: %\end{feedback}


TextttRemoval: Processing Line 24, text: \begin{feedback}[correct]

TextttRemoval: Processing Line 25, text: Remember that holes are removable discontinuities in the graph.

TextttRemoval: Processing Line 26, text: \end{feedback}


TextttRemoval: Processing Line 27, text: \begin{problem}


TextttRemoval: Processing Line 28, text: Identify any horizontal asymptotes.  If none, enter ``NONE''.


TextttRemoval: Processing Line 29, text: \[y=\answer[format=integer,id=HA]{0}\]


TextttRemoval: Processing Line 30, text: \begin{feedback}[attempt]

TextttRemoval: Processing Line 31, text: Remember that horizontal asymptotes you need to compare the degree of the numerator and the denominator.

TextttRemoval: Processing Line 32, text: \end{feedback}


TextttRemoval: Processing Line 33, text: \begin{feedback}[HA>1]

TextttRemoval: Processing Line 34, text: This would happen if the degree of the numerator was higher.

TextttRemoval: Processing Line 35, text: \end{feedback}


TextttRemoval: Processing Line 36, text: \begin{feedback}[HA=1]

TextttRemoval: Processing Line 37, text: This would happen if the degree of the numerator equaled the degree of the denominator.

TextttRemoval: Processing Line 38, text: \end{feedback}


TextttRemoval: Processing Line 39, text: \begin{feedback}[correct]

TextttRemoval: Processing Line 40, text: The horizontal asymptote is describing the long-run behavior of the function.

TextttRemoval: Processing Line 41, text: \end{feedback}



TextttRemoval: Processing Line 42, text: \end{problem}


TextttRemoval: Processing Line 43, text: \[(\answer[format=string]{NONE}, \answer[format=string]{NONE})\]


TextttRemoval: Processing Line 44, text: \end{problem}


TextttRemoval: Processing Line 45, text:   \begin{validator}[a^2+b^2==$\sage{square}$]

TextttRemoval: Processing Line 46, text: \[x=\answer[format=integer,id=a]{\sage{c}}\qquad\qquad x=\answer[format=integer,id=b]{\sage{b}}\]

TextttRemoval: Processing Line 47, text:   \end{validator}


TextttRemoval: Processing Line 48, text: \[\sage{c}  \qquad\qquad  \sage{b}\]


TextttRemoval: Processing Line 49, text: \end{problem}}%}


Processed 49 lines for TextttRemoval, Processed 0 \text{\texttt{}} sets, removed 0 braces
*** Internal variable substitution processing
HandleSubstitution: Processed 49 lines for substitution processing this pass
*** Writing Output file; TestBank-Compute-0048.tex
Checking to see if we need to make the directory for the output file TestBank-Compute-0048.tex
Opening output file TestBank-Compute-0048.tex - Writing file header data
Writing actual file data
output file complete
*** Program Complete

xronosfinal
Copyright 2017 by Dana Nowell, All rights Reserved
Educational Institutions are herein granted the right to use
and modify the code for their own use.  Rights for use in
a sale or other Commercial enterprise require written
permission from the author.


Processing Conf file
Conf File: /usr/local/etc/xronostools/xronostools.conf
Adding Search and Replace Pair: Search is "\mathit{XTRtheta}"
Done Processing Conf file
xronosfmt output path: /home/jason/texmf/tex/latex/QuestionBanks/
*** Reading input file: TestBank-Compute-0048.tex
*** Build Output Header for later
Processed 51 lines for BuildOutputHeader
*** Question Limit processing
*** Internal variable substitution processing
HandleSubstitution: Processed 51 lines for substitution processing this pass
*** Writing Output file
Checking to see if we need to make the directory for the output file /home/jason/texmf/tex/latex/QuestionBanks/TestBank/TestBank-Compute-0048.tex
Opening output file /home/jason/texmf/tex/latex/QuestionBanks/TestBank/TestBank-Compute-0048.tex - Writing file header data
Updating driver file /home/jason/texmf/tex/latex/QuestionBanks/TestBank-Input.tex
Writing actual file data
output file complete
xronosfinal Question Count for file /home/jason/texmf/tex/latex/QuestionBanks/TestBank/TestBank-Compute-0048.tex is 1
*** Program Complete

# Clean up pdf and sage files - not just work files
# deleting file: TestBank-Compute-0048.pdf
rm: cannot remove 'TestBank-Compute-0048.pdf': No such file or directory
# deleting file: TestBank-Compute-0048.sagetex.sout
rm: cannot remove 'TestBank-Compute-0048.sagetex.sout': No such file or directory
# Ended processing at Mon Feb 26 15:53:36 EST 2018
###
### Finished entire xronosbatch.sh run on Mon Feb 26 15:53:40 EST 2018
###
